生成启动时间为 2014/7/27 15:11:55。
     1>项目“D:\mygithub\TGame\Server\TGame\TGame.vcxproj”在节点 2 上(Rebuild 个目标)。
     1>ClCompile:
         C:\Program Files\Microsoft Visual Studio 11.0\VC\bin\CL.exe /c /ZI /nologo /W3 /WX- /Od /Oy- /D _MBCS /Gm /EHsc /RTC1 /MDd /GS /fp:precise /Zc:wchar_t /Zc:forScope /Fo"Debug\\" /Fd"Debug\vc110.pdb" /Gd /TP /analyze- /errorReport:prompt main.cpp Net.cpp NetWork.cpp Select.cpp Singleton.cpp
         Singleton.cpp
         Select.cpp
     1>d:\mygithub\tgame\server\tgame\select.cpp(1): warning C4067: 预处理器指令后有意外标记 - 应输入换行符
         NetWork.cpp
     1>d:\mygithub\tgame\server\tgame\network.cpp(4): warning C4356: “Singleton<T>::_instance”: 静态数据成员无法通过派生类初始化
                 with
                 [
                     T=NetWork
                 ]
     1>d:\mygithub\tgame\server\tgame\network.cpp(24): warning C4996: 'sscanf': This function or variable may be unsafe. Consider using sscanf_s instead. To disable deprecation, use _CRT_SECURE_NO_WARNINGS. See online help for details.
                 c:\program files\microsoft visual studio 11.0\vc\include\stdio.h(311) : 参见“sscanf”的声明
         Net.cpp
         main.cpp
         正在生成代码...
       Link:
         C:\Program Files\Microsoft Visual Studio 11.0\VC\bin\link.exe /ERRORREPORT:PROMPT /OUT:"D:\mygithub\TGame\Server\Debug\TGame.exe" /INCREMENTAL /NOLOGO kernel32.lib user32.lib gdi32.lib winspool.lib comdlg32.lib advapi32.lib shell32.lib ole32.lib oleaut32.lib uuid.lib odbc32.lib odbccp32.lib /MANIFEST /MANIFESTUAC:"level='asInvoker' uiAccess='false'" /manifest:embed /DEBUG /PDB:"D:\mygithub\TGame\Server\Debug\TGame.pdb" /TLBID:1 /DYNAMICBASE /NXCOMPAT /IMPLIB:"D:\mygithub\TGame\Server\Debug\TGame.lib" /MACHINE:X86 Debug\main.obj
         Debug\Net.obj
         Debug\NetWork.obj
         Debug\Select.obj
         Debug\Singleton.obj
     1>NetWork.obj : error LNK2019: 无法解析的外部符号 __imp__accept@12，该符号在函数 "public: void __thiscall NetWork::Accpet(class Net)" (?Accpet@NetWork@@QAEXVNet@@@Z) 中被引用
     1>NetWork.obj : error LNK2019: 无法解析的外部符号 __imp__bind@12，该符号在函数 "public: class Net __thiscall NetWork::Listen(char const *,void (__cdecl*)(class Net),void (__cdecl*)(class Net))" (?Listen@NetWork@@QAE?AVNet@@PBDP6AXV2@@Z2@Z) 中被引用
     1>NetWork.obj : error LNK2019: 无法解析的外部符号 __imp__htonl@4，该符号在函数 "public: class Net __thiscall NetWork::Listen(char const *,void (__cdecl*)(class Net),void (__cdecl*)(class Net))" (?Listen@NetWork@@QAE?AVNet@@PBDP6AXV2@@Z2@Z) 中被引用
     1>NetWork.obj : error LNK2019: 无法解析的外部符号 __imp__htons@4，该符号在函数 "public: class Net __thiscall NetWork::Listen(char const *,void (__cdecl*)(class Net),void (__cdecl*)(class Net))" (?Listen@NetWork@@QAE?AVNet@@PBDP6AXV2@@Z2@Z) 中被引用
     1>NetWork.obj : error LNK2019: 无法解析的外部符号 __imp__inet_addr@4，该符号在函数 "public: class Net __thiscall NetWork::Listen(char const *,void (__cdecl*)(class Net),void (__cdecl*)(class Net))" (?Listen@NetWork@@QAE?AVNet@@PBDP6AXV2@@Z2@Z) 中被引用
     1>NetWork.obj : error LNK2019: 无法解析的外部符号 __imp__listen@8，该符号在函数 "public: class Net __thiscall NetWork::Listen(char const *,void (__cdecl*)(class Net),void (__cdecl*)(class Net))" (?Listen@NetWork@@QAE?AVNet@@PBDP6AXV2@@Z2@Z) 中被引用
     1>NetWork.obj : error LNK2019: 无法解析的外部符号 __imp__setsockopt@20，该符号在函数 "public: class Net __thiscall NetWork::Listen(char const *,void (__cdecl*)(class Net),void (__cdecl*)(class Net))" (?Listen@NetWork@@QAE?AVNet@@PBDP6AXV2@@Z2@Z) 中被引用
     1>NetWork.obj : error LNK2019: 无法解析的外部符号 __imp__socket@12，该符号在函数 "public: class Net __thiscall NetWork::Listen(char const *,void (__cdecl*)(class Net),void (__cdecl*)(class Net))" (?Listen@NetWork@@QAE?AVNet@@PBDP6AXV2@@Z2@Z) 中被引用
     1>NetWork.obj : error LNK2019: 无法解析的外部符号 __imp__WSAStartup@8，该符号在函数 "public: void __thiscall NetWork::Start(void)" (?Start@NetWork@@QAEXXZ) 中被引用
     1>NetWork.obj : error LNK2019: 无法解析的外部符号 "public: __thiscall Select::Select(void)" (??0Select@@QAE@XZ)，该符号在函数 "protected: __thiscall NetWork::NetWork(void)" (??0NetWork@@IAE@XZ) 中被引用
     1>NetWork.obj : error LNK2019: 无法解析的外部符号 "public: __thiscall Select::~Select(void)" (??1Select@@QAE@XZ)，该符号在函数 "public: virtual __thiscall NetWork::~NetWork(void)" (??1NetWork@@UAE@XZ) 中被引用
     1>NetWork.obj : error LNK2019: 无法解析的外部符号 "public: int __thiscall Select::Add(unsigned int)" (?Add@Select@@QAEHI@Z)，该符号在函数 "public: void __thiscall NetWork::Accpet(class Net)" (?Accpet@NetWork@@QAEXVNet@@@Z) 中被引用
     1>NetWork.obj : error LNK2019: 无法解析的外部符号 "public: int __thiscall Select::Dispatch(int)" (?Dispatch@Select@@QAEHH@Z)，该符号在函数 "public: void __thiscall NetWork::Loop(void)" (?Loop@NetWork@@QAEXXZ) 中被引用
     1>D:\mygithub\TGame\Server\Debug\TGame.exe : fatal error LNK1120: 13 个无法解析的外部命令
     1>已完成生成项目“D:\mygithub\TGame\Server\TGame\TGame.vcxproj”(Rebuild 个目标)的操作 - 失败。

生成失败。

已用时间 00:00:06.45
