D:\GITHUBS\TGAME\SERVER\TGAME\DEBUG\MAIN.OBJ
D:\GITHUBS\TGAME\SERVER\TGAME\DEBUG\NET.OBJ
D:\GITHUBS\TGAME\SERVER\TGAME\DEBUG\NETWORK.OBJ
D:\GITHUBS\TGAME\SERVER\TGAME\DEBUG\SINGLETON.OBJ
D:\GITHUBS\TGAME\SERVER\TGAME\DEBUG\VC110.PDB
D:\githubs\TGame\Server\TGame\Debug\main.obj
D:\githubs\TGame\Server\TGame\Debug\Net.obj
D:\githubs\TGame\Server\TGame\Debug\NetWork.obj
D:\githubs\TGame\Server\TGame\Debug\Singleton.obj
D:\githubs\TGame\Server\TGame\Debug\cl.command.1.tlog
D:\githubs\TGame\Server\TGame\Debug\CL.read.1.tlog
D:\githubs\TGame\Server\TGame\Debug\CL.write.1.tlog
D:\githubs\TGame\Server\TGame\Debug\link-cvtres.read.1.tlog
D:\githubs\TGame\Server\TGame\Debug\link-cvtres.write.1.tlog
D:\githubs\TGame\Server\TGame\Debug\link-rc.read.1.tlog
D:\githubs\TGame\Server\TGame\Debug\link-rc.write.1.tlog
D:\githubs\TGame\Server\TGame\Debug\link.command.1.tlog
D:\githubs\TGame\Server\TGame\Debug\link.read.1.tlog
D:\githubs\TGame\Server\TGame\Debug\link.write.1.tlog
D:\githubs\TGame\Server\TGame\Debug\vc110.idb
D:\githubs\TGame\Server\TGame\Debug\vc110.pdb
D:\githubs\TGame\Server\Debug\TGame.pdb
